<?xml version="1.0" encoding="UTF-8"?>
<testng-results ignored="0" total="1" passed="1" failed="0" skipped="0">
  <reporter-output>
  </reporter-output>
  <suite started-at="2021-03-27T16:37:33 IST" name="Suite" finished-at="2021-03-27T16:42:42 IST" duration-ms="308609">
    <groups>
    </groups>
    <test started-at="2021-03-27T16:37:33 IST" name="Test" finished-at="2021-03-27T16:42:42 IST" duration-ms="308609">
      <class name="test.navigate.GameExplode">
        <test-method signature="addNewProperty()[pri:0, instance:test.navigate.GameExplode@1eb5174b]" started-at="2021-03-27T16:37:34 IST" name="addNewProperty" finished-at="2021-03-27T16:42:42 IST" duration-ms="308533" status="PASS">
          <reporter-output>
          </reporter-output>
        </test-method> <!-- addNewProperty -->
      </class> <!-- test.navigate.GameExplode -->
    </test> <!-- Test -->
  </suite> <!-- Suite -->
</testng-results>
